<?xml version="1.0" encoding="UTF-8"?>
<testsuites name="ts1" time="13" tests="1" failures="0" errors="0">
   <testsuite name="ts1" tests="1" failures="0" errors="0" time="13" timestamp="2019-02-07 08:31:12" hostname="marknazareno - marks-mbp.lan" id="Test Suites/ts1">
      <properties>
         <property name="deviceName" value=""/>
         <property name="devicePlatform" value=""/>
         <property name="logFolder" value="/Users/marknazareno/Katalon Studio/test-demo/Reports/ts1/20190207_083109"/>
         <property name="logFiles" value="/Users/marknazareno/Katalon Studio/test-demo/Reports/ts1/20190207_083109/execution0.log"/>
         <property name="attachments" value=""/>
         <property name="hostName" value="marknazareno - marks-mbp.lan"/>
         <property name="os" value="Mac OS X 64bit"/>
         <property name="katalonVersion" value="5.10.1.1"/>
         <property name="browser" value="Chrome 72.0.3626.96"/>
         <property name="hostAddress" value="192.168.86.124"/>
         <property name="sessionId" value="5401c1e3f76eddc8a617543144532cdc"/>
         <property name="seleniumVersion" value="3.7.1"/>
         <property name="proxyInformation" value="ProxyInformation{proxyOption=NO_PROXY, proxyServerType=HTTP, password=, proxyServerAddress=, proxyServerPort=0}"/>
         <property name="platform" value="Mac OS X"/>
      </properties>
      <testcase name="Test Cases/test1" classname="Test Cases/test1" status="PASSED">
         <system-out><![CDATA[2019-02-07 08:31:13 - [TEST_CASE][PASSED] - Test Cases/test1: Test Cases/test1

2019-02-07 08:31:13 - [TEST_STEP][PASSED] - openBrowser(""): Browser is opened with url: ''

2019-02-07 08:31:14 - [MESSAGE][INFO] - Starting 'Chrome (headless)' driver

2019-02-07 08:31:14 - [MESSAGE][INFO] - Action delay is set to 0 seconds

2019-02-07 08:31:17 - [MESSAGE][PASSED] - Browser is opened with url: ''

2019-02-07 08:31:17 - [TEST_STEP][PASSED] - navigateToUrl("https://katalon-demo-cura.herokuapp.com/"): Navigate to 'https://katalon-demo-cura.herokuapp.com/' successfully

2019-02-07 08:31:23 - [MESSAGE][PASSED] - Navigate to 'https://katalon-demo-cura.herokuapp.com/' successfully

2019-02-07 08:31:23 - [TEST_STEP][PASSED] - click(findTestObject("Object Repository/Page_CURA Healthcare Service/a_Make Appointment")): Object: 'Object Repository/Page_CURA Healthcare Service/a_Make Appointment' is clicked on

2019-02-07 08:31:23 - [MESSAGE][PASSED] - Object: 'Object Repository/Page_CURA Healthcare Service/a_Make Appointment' is clicked on

2019-02-07 08:31:23 - [TEST_STEP][PASSED] - setText(findTestObject("Object Repository/Page_CURA Healthcare Service/input_Username_username"), "John Doe"): Text 'John Doe' is set on object 'Object Repository/Page_CURA Healthcare Service/input_Username_username'

2019-02-07 08:31:23 - [MESSAGE][PASSED] - Text 'John Doe' is set on object 'Object Repository/Page_CURA Healthcare Service/input_Username_username'

2019-02-07 08:31:23 - [TEST_STEP][PASSED] - setEncryptedText(findTestObject("Object Repository/Page_CURA Healthcare Service/input_Password_password"), "g3/DOGG74jC3Flrr3yH+3D/yKbOqqUNM"): Text ****** has been set on object 'Object Repository/Page_CURA Healthcare Service/input_Password_password'

2019-02-07 08:31:24 - [MESSAGE][PASSED] - Text ****** has been set on object 'Object Repository/Page_CURA Healthcare Service/input_Password_password'

2019-02-07 08:31:24 - [TEST_STEP][PASSED] - click(findTestObject("Object Repository/Page_CURA Healthcare Service/button_Login")): Object: 'Object Repository/Page_CURA Healthcare Service/button_Login' is clicked on

2019-02-07 08:31:25 - [MESSAGE][PASSED] - Object: 'Object Repository/Page_CURA Healthcare Service/button_Login' is clicked on

2019-02-07 08:31:25 - [TEST_STEP][PASSED] - selectOptionByValue(findTestObject("Object Repository/Page_CURA Healthcare Service/select_Tokyo CURA Healthcare C"), "Seoul CURA Healthcare Center", true): All options with value 'Seoul CURA Healthcare Center' are selected in object 'Object Repository/Page_CURA Healthcare Service/select_Tokyo CURA Healthcare C'  using regular expression

2019-02-07 08:31:25 - [MESSAGE][PASSED] - All options with value 'Seoul CURA Healthcare Center' are selected in object 'Object Repository/Page_CURA Healthcare Service/select_Tokyo CURA Healthcare C'  using regular expression

2019-02-07 08:31:25 - [TEST_STEP][PASSED] - click(findTestObject("Object Repository/Page_CURA Healthcare Service/input_Apply for hospital readm")): Object: 'Object Repository/Page_CURA Healthcare Service/input_Apply for hospital readm' is clicked on

2019-02-07 08:31:25 - [MESSAGE][PASSED] - Object: 'Object Repository/Page_CURA Healthcare Service/input_Apply for hospital readm' is clicked on

2019-02-07 08:31:25 - [TEST_STEP][PASSED] - click(findTestObject("Object Repository/Page_CURA Healthcare Service/div_Visit Date (Required)_inpu")): Object: 'Object Repository/Page_CURA Healthcare Service/div_Visit Date (Required)_inpu' is clicked on

2019-02-07 08:31:25 - [MESSAGE][PASSED] - Object: 'Object Repository/Page_CURA Healthcare Service/div_Visit Date (Required)_inpu' is clicked on

2019-02-07 08:31:25 - [TEST_STEP][PASSED] - click(findTestObject("Object Repository/Page_CURA Healthcare Service/td_22")): Object: 'Object Repository/Page_CURA Healthcare Service/td_22' is clicked on

2019-02-07 08:31:25 - [MESSAGE][PASSED] - Object: 'Object Repository/Page_CURA Healthcare Service/td_22' is clicked on

2019-02-07 08:31:25 - [TEST_STEP][PASSED] - setText(findTestObject("Object Repository/Page_CURA Healthcare Service/textarea_Comment_comment"), "this is a comment"): Text 'this is a comment' is set on object 'Object Repository/Page_CURA Healthcare Service/textarea_Comment_comment'

2019-02-07 08:31:25 - [MESSAGE][PASSED] - Text 'this is a comment' is set on object 'Object Repository/Page_CURA Healthcare Service/textarea_Comment_comment'

2019-02-07 08:31:25 - [TEST_STEP][PASSED] - click(findTestObject("Object Repository/Page_CURA Healthcare Service/button_Book Appointment")): Object: 'Object Repository/Page_CURA Healthcare Service/button_Book Appointment' is clicked on

2019-02-07 08:31:26 - [MESSAGE][PASSED] - Object: 'Object Repository/Page_CURA Healthcare Service/button_Book Appointment' is clicked on

2019-02-07 08:31:26 - [TEST_STEP][PASSED] - verifyElementText(findTestObject("Object Repository/Page_CURA Healthcare Service/h2_Appointment Confirmation"), "Appointment Confirmation"): Actual text and expected text of test object 'Object Repository/Page_CURA Healthcare Service/h2_Appointment Confirmation' are matched.

2019-02-07 08:31:26 - [MESSAGE][PASSED] - Actual text and expected text of test object 'Object Repository/Page_CURA Healthcare Service/h2_Appointment Confirmation' are matched.

2019-02-07 08:31:26 - [TEST_STEP][PASSED] - closeBrowser(): Browser is closed

2019-02-07 08:31:26 - [MESSAGE][PASSED] - Browser is closed]]></system-out>
         <system-err><![CDATA[]]></system-err>
      </testcase>
      <system-out><![CDATA[2019-02-07 08:31:12 - [TEST_SUITE][PASSED] - ts1: Test Cases/test1]]></system-out>
      <system-err><![CDATA[]]></system-err>
   </testsuite>
</testsuites>
